g:\disperazione\assignment\assignment\debug\vc120.pdb
g:\disperazione\assignment\debug\assignment.pdb
g:\disperazione\assignment\assignment\debug\texture.obj
g:\disperazione\assignment\assignment\debug\airjet.obj
g:\disperazione\assignment\assignment\debug\server.obj
g:\disperazione\assignment\assignment\debug\ball.obj
g:\disperazione\assignment\assignment\debug\basket.obj
g:\disperazione\assignment\assignment\debug\message.obj
g:\disperazione\assignment\assignment\debug\contactmanifold.obj
g:\disperazione\assignment\assignment\debug\gameobject.obj
g:\disperazione\assignment\assignment\debug\main.obj
g:\disperazione\assignment\assignment\debug\client.obj
g:\disperazione\assignment\assignment\debug\mesh.obj
g:\disperazione\assignment\assignment\debug\path.obj
g:\disperazione\assignment\assignment\debug\triangle.obj
g:\disperazione\assignment\assignment\debug\renderer.obj
g:\disperazione\assignment\assignment\debug\vbo.obj
g:\disperazione\assignment\assignment\debug\window.obj
g:\disperazione\assignment\assignment\debug\vc120.idb
g:\disperazione\assignment\debug\assignment.exe
g:\disperazione\assignment\debug\assignment.ilk
g:\disperazione\assignment\assignment\debug\assignment.tlog\cl.read.1.tlog
g:\disperazione\assignment\assignment\debug\assignment.tlog\cl.write.1.tlog
g:\disperazione\assignment\assignment\debug\assignment.tlog\cl.command.1.tlog
g:\disperazione\assignment\assignment\debug\assignment.tlog\link.command.1.tlog
g:\disperazione\assignment\assignment\debug\assignment.tlog\link.read.1.tlog
g:\disperazione\assignment\assignment\debug\assignment.tlog\link.write.1.tlog
