g:\disperazione\assignment\assignment\release\vc120.pdb
g:\disperazione\assignment\release\assignment.pdb
g:\disperazione\assignment\assignment\release\window.obj
g:\disperazione\assignment\assignment\release\vbo.obj
g:\disperazione\assignment\assignment\release\triangle.obj
g:\disperazione\assignment\assignment\release\renderer.obj
g:\disperazione\assignment\assignment\release\planes.obj
g:\disperazione\assignment\assignment\release\mesh.obj
g:\disperazione\assignment\assignment\release\main.obj
g:\disperazione\assignment\assignment\release\path.obj
g:\disperazione\assignment\assignment\release\gameobject.obj
g:\disperazione\assignment\assignment\release\cube.obj
g:\disperazione\assignment\assignment\release\contactmanifold.obj
g:\disperazione\assignment\assignment\release\ball.obj
g:\disperazione\assignment\assignment\release\airjet.obj
g:\disperazione\assignment\release\assignment.exe
g:\disperazione\assignment\assignment\release\assignment.tlog\cl.read.1.tlog
g:\disperazione\assignment\assignment\release\assignment.tlog\cl.write.1.tlog
g:\disperazione\assignment\assignment\release\assignment.tlog\cl.command.1.tlog
g:\disperazione\assignment\assignment\release\assignment.tlog\link.command.1.tlog
g:\disperazione\assignment\assignment\release\assignment.tlog\link.read.1.tlog
g:\disperazione\assignment\assignment\release\assignment.tlog\link.write.1.tlog
